<?xml version="1.0" encoding="UTF-8" standalone="no"?><testsuite errors="3" failures="0" name="MathJS" skipped="0" tests="3" time="3.33" timestamp="2021-12-07 09:19:34"><testcase name="GET Request"><error message="Some exception during recording fields" type="java.lang.RuntimeException">Some exception during recording fields</error><system-err>Some exception during recording fields
net.serenitybdd.rest.filters.FieldsRecordingFilter.filter(FieldsRecordingFilter.java:52)
io.restassured.internal.filter.FilterContextImpl.next(FilterContextImpl.groovy:72)
io.restassured.filter.log.RequestLoggingFilter.filter(RequestLoggingFilter.java:140)
net.serenitybdd.rest.filters.FieldsRecordingFilter.filter(FieldsRecordingFilter.java:40)
io.restassured.internal.filter.FilterContextImpl.next(FilterContextImpl.groovy:72)
io.restassured.filter.log.RequestLoggingFilter.filter(RequestLoggingFilter.java:140)
net.serenitybdd.rest.filters.FieldsRecordingFilter.filter(FieldsRecordingFilter.java:40)
io.restassured.internal.filter.FilterContextImpl.next(FilterContextImpl.groovy:72)
io.restassured.filter.log.RequestLoggingFilter.filter(RequestLoggingFilter.java:140)
net.serenitybdd.rest.filters.FieldsRecordingFilter.filter(FieldsRecordingFilter.java:40)
io.restassured.internal.filter.FilterContextImpl.next(FilterContextImpl.groovy:72)
io.restassured.filter.log.RequestLoggingFilter.filter(RequestLoggingFilter.java:140)
net.serenitybdd.rest.filters.FieldsRecordingFilter.filter(FieldsRecordingFilter.java:40)
io.restassured.internal.filter.FilterContextImpl.next(FilterContextImpl.groovy:72)
io.restassured.filter.log.RequestLoggingFilter.filter(RequestLoggingFilter.java:140)
net.serenitybdd.rest.filters.FieldsRecordingFilter.filter(FieldsRecordingFilter.java:40)
io.restassured.internal.filter.FilterContextImpl.next(FilterContextImpl.groovy:72)
io.restassured.internal.RequestSpecificationImpl.applyPathParamsAndSendRequest(RequestSpecificationImpl.groovy:1672)
groovy.lang.MetaMethod.doMethodInvoke(MetaMethod.java:323)
groovy.lang.MetaClassImpl.invokeMethod(MetaClassImpl.java:1268)
groovy.lang.MetaClassImpl.invokeMethod(MetaClassImpl.java:1035)
groovy.lang.MetaClassImpl.invokeMethod(MetaClassImpl.java:819)
groovy.lang.GroovyObject.invokeMethod(GroovyObject.java:39)
io.restassured.internal.RequestSpecificationImpl.applyPathParamsAndSendRequest(RequestSpecificationImpl.groovy:1678)
groovy.lang.MetaMethod.doMethodInvoke(MetaMethod.java:323)
groovy.lang.MetaClassImpl.invokeMethod(MetaClassImpl.java:1268)
groovy.lang.MetaClassImpl.invokeMethod(MetaClassImpl.java:1035)
groovy.lang.MetaClassImpl.invokeMethod(MetaClassImpl.java:819)
groovy.lang.GroovyObject.invokeMethod(GroovyObject.java:39)
io.restassured.internal.RequestSpecificationImpl.get(RequestSpecificationImpl.groovy:173)
net.serenitybdd.rest.decorators.request.RequestSpecificationDecorated.executeCall(RequestSpecificationDecorated.java:311)
net.serenitybdd.rest.decorators.request.RequestSpecificationDecorated.execute(RequestSpecificationDecorated.java:268)
net.serenitybdd.rest.decorators.request.RequestSpecificationDecorated.get(RequestSpecificationDecorated.java:67)
net.serenitybdd.rest.decorators.request.RequestSpecificationDecorated.get(RequestSpecificationDecorated.java:38)
co.wolox.qualityassurance.mathjs.tasks.EvaluateWithGETRequest.performAs(EvaluateWithGETRequest.java:22)
co.wolox.qualityassurance.mathjs.stepdefinitions.MathJSStepDefinitions.iRequestEvaluationOf(MathJSStepDefinitions.java:13)
io.cucumber.java.Invoker.doInvoke(Invoker.java:66)
io.cucumber.java.Invoker.invoke(Invoker.java:24)
io.cucumber.java.AbstractGlueDefinition.invokeMethod(AbstractGlueDefinition.java:47)
io.cucumber.java.JavaStepDefinition.execute(JavaStepDefinition.java:29)
io.cucumber.core.runner.CoreStepDefinition.execute(CoreStepDefinition.java:66)
io.cucumber.core.runner.PickleStepDefinitionMatch.runStep(PickleStepDefinitionMatch.java:63)
io.cucumber.core.runner.TestStep.executeStep(TestStep.java:92)
io.cucumber.core.runner.TestStep.run(TestStep.java:64)
io.cucumber.core.runner.PickleStepTestStep.run(PickleStepTestStep.java:51)
io.cucumber.core.runner.TestCase.run(TestCase.java:104)
io.cucumber.core.runner.Runner.runPickle(Runner.java:73)
io.cucumber.junit.FeatureRunner.runChild(FeatureRunner.java:135)
io.cucumber.junit.FeatureRunner.runChild(FeatureRunner.java:27)
io.cucumber.junit.CucumberSerenityRunner.runChild(CucumberSerenityRunner.java:259)
io.cucumber.junit.CucumberSerenityRunner.runChild(CucumberSerenityRunner.java:58)
</system-err></testcase><testcase name="POST Request"><error message="Some exception during recording fields" type="java.lang.RuntimeException">Some exception during recording fields</error><system-err>Some exception during recording fields
net.serenitybdd.rest.filters.FieldsRecordingFilter.filter(FieldsRecordingFilter.java:52)
io.restassured.internal.filter.FilterContextImpl.next(FilterContextImpl.groovy:72)
io.restassured.filter.log.RequestLoggingFilter.filter(RequestLoggingFilter.java:140)
net.serenitybdd.rest.filters.FieldsRecordingFilter.filter(FieldsRecordingFilter.java:40)
io.restassured.internal.filter.FilterContextImpl.next(FilterContextImpl.groovy:72)
io.restassured.filter.log.RequestLoggingFilter.filter(RequestLoggingFilter.java:140)
net.serenitybdd.rest.filters.FieldsRecordingFilter.filter(FieldsRecordingFilter.java:40)
io.restassured.internal.filter.FilterContextImpl.next(FilterContextImpl.groovy:72)
io.restassured.filter.log.RequestLoggingFilter.filter(RequestLoggingFilter.java:140)
net.serenitybdd.rest.filters.FieldsRecordingFilter.filter(FieldsRecordingFilter.java:40)
io.restassured.internal.filter.FilterContextImpl.next(FilterContextImpl.groovy:72)
io.restassured.filter.log.RequestLoggingFilter.filter(RequestLoggingFilter.java:140)
net.serenitybdd.rest.filters.FieldsRecordingFilter.filter(FieldsRecordingFilter.java:40)
io.restassured.internal.filter.FilterContextImpl.next(FilterContextImpl.groovy:72)
io.restassured.filter.log.RequestLoggingFilter.filter(RequestLoggingFilter.java:140)
net.serenitybdd.rest.filters.FieldsRecordingFilter.filter(FieldsRecordingFilter.java:40)
io.restassured.internal.filter.FilterContextImpl.next(FilterContextImpl.groovy:72)
io.restassured.internal.RequestSpecificationImpl.applyPathParamsAndSendRequest(RequestSpecificationImpl.groovy:1672)
groovy.lang.MetaMethod.doMethodInvoke(MetaMethod.java:323)
groovy.lang.MetaClassImpl.invokeMethod(MetaClassImpl.java:1268)
groovy.lang.MetaClassImpl.invokeMethod(MetaClassImpl.java:1035)
groovy.lang.MetaClassImpl.invokeMethod(MetaClassImpl.java:819)
groovy.lang.GroovyObject.invokeMethod(GroovyObject.java:39)
io.restassured.internal.RequestSpecificationImpl.applyPathParamsAndSendRequest(RequestSpecificationImpl.groovy:1678)
groovy.lang.MetaMethod.doMethodInvoke(MetaMethod.java:323)
groovy.lang.MetaClassImpl.invokeMethod(MetaClassImpl.java:1268)
groovy.lang.MetaClassImpl.invokeMethod(MetaClassImpl.java:1035)
groovy.lang.MetaClassImpl.invokeMethod(MetaClassImpl.java:819)
groovy.lang.GroovyObject.invokeMethod(GroovyObject.java:39)
io.restassured.internal.RequestSpecificationImpl.post(RequestSpecificationImpl.groovy:177)
net.serenitybdd.rest.decorators.request.RequestSpecificationDecorated.executeCall(RequestSpecificationDecorated.java:309)
net.serenitybdd.rest.decorators.request.RequestSpecificationDecorated.execute(RequestSpecificationDecorated.java:268)
net.serenitybdd.rest.decorators.request.RequestSpecificationDecorated.post(RequestSpecificationDecorated.java:120)
net.serenitybdd.rest.decorators.request.RequestSpecificationDecorated.post(RequestSpecificationDecorated.java:38)
co.wolox.qualityassurance.mathjs.tasks.EvaluateWithPOSTRequest.performAs(EvaluateWithPOSTRequest.java:22)
co.wolox.qualityassurance.mathjs.stepdefinitions.MathJSStepDefinitions.iRequestEvaluationWithPOSTRequestOfSinDeg(MathJSStepDefinitions.java:20)
io.cucumber.java.Invoker.doInvoke(Invoker.java:66)
io.cucumber.java.Invoker.invoke(Invoker.java:24)
io.cucumber.java.AbstractGlueDefinition.invokeMethod(AbstractGlueDefinition.java:47)
io.cucumber.java.JavaStepDefinition.execute(JavaStepDefinition.java:29)
io.cucumber.core.runner.CoreStepDefinition.execute(CoreStepDefinition.java:66)
io.cucumber.core.runner.PickleStepDefinitionMatch.runStep(PickleStepDefinitionMatch.java:63)
io.cucumber.core.runner.TestStep.executeStep(TestStep.java:92)
io.cucumber.core.runner.TestStep.run(TestStep.java:64)
io.cucumber.core.runner.PickleStepTestStep.run(PickleStepTestStep.java:51)
io.cucumber.core.runner.TestCase.run(TestCase.java:104)
io.cucumber.core.runner.Runner.runPickle(Runner.java:73)
io.cucumber.junit.FeatureRunner.runChild(FeatureRunner.java:135)
io.cucumber.junit.FeatureRunner.runChild(FeatureRunner.java:27)
io.cucumber.junit.CucumberSerenityRunner.runChild(CucumberSerenityRunner.java:259)
io.cucumber.junit.CucumberSerenityRunner.runChild(CucumberSerenityRunner.java:58)
</system-err></testcase></testsuite>